2025-09-19 10:38:47,576 - INFO - File Organizer initialized. Log file: logs\file_organizer_20250919_103847.log
2025-09-19 10:38:47,584 - INFO - Starting file organization
2025-09-19 10:38:47,587 - INFO - Target directory: C:\Users\anjan\Desktop\2file_org
2025-09-19 10:38:47,588 - INFO - Sort by: name, Order: asc
2025-09-19 10:38:47,594 - INFO - Category folders created/verified
2025-09-19 10:38:47,594 - INFO - Files sorted by name (asc)
2025-09-19 10:38:47,596 - INFO - Detecting duplicate files...
2025-09-19 10:38:47,596 - INFO - Duplicate detection completed: 0 name groups, 1 size groups
2025-09-19 10:38:47,598 - INFO - Duplicate detection completed
2025-09-19 10:38:47,598 - INFO - Found 10 files to organize
2025-09-19 10:38:47,600 - INFO - Moved: New Bitmap image.bmp -> Images/New Bitmap image.bmp
2025-09-19 10:38:47,601 - INFO - Moved: New Microsoft Excel Worksheet.xlsx -> Documents/New Microsoft Excel Worksheet.xlsx
2025-09-19 10:38:47,611 - INFO - Moved: New Microsoft PowerPoint Presentation.pptx -> Documents/New Microsoft PowerPoint Presentation.pptx
2025-09-19 10:38:47,616 - INFO - Moved: New Microsoft Word Document.docx -> Documents/New Microsoft Word Document.docx
2025-09-19 10:38:47,617 - INFO - Moved: New Text Document (2) .py -> Code/New Text Document (2) .py
2025-09-19 10:38:47,619 - INFO - Moved: New Text Document (2).mp3 -> Audio/New Text Document (2).mp3
2025-09-19 10:38:47,620 - INFO - Moved: New Text Document (2).mp4 -> Videos/New Text Document (2).mp4
2025-09-19 10:38:47,622 - INFO - Moved: New Text Document (2).py -> Code/New Text Document (2).py
2025-09-19 10:38:47,624 - INFO - Moved: New Text Document (4).py -> Code/New Text Document (4).py
2025-09-19 10:38:47,627 - INFO - Moved: New Text Document.txt -> Documents/New Text Document.txt
2025-09-19 10:38:47,627 - INFO - ----------------------------------------
2025-09-19 10:38:47,627 - INFO - Summary: 10 files moved, 0 errors
2025-09-19 10:38:47,627 - INFO - Undo data saved to C:\Users\anjan\Desktop\2file_org\.file_organizer_undo.json
